[00:00:00] [User Authenticator #28/INFO]: UUID of player davesterjones is 5275576d-9af6-4c43-bed7-dabdc12f8e74
[00:00:00] [Server thread/INFO]: davesterjones[/73.14.101.222:64423] logged in with entity id 74962 at (-468.0113554992488, 128.0, 333.5600747007601)
[00:00:00] [Server thread/INFO]: davesterjones joined the game
[00:00:10] [Server thread/INFO]: davesterjones lost connection: Disconnected
[00:00:10] [Server thread/INFO]: davesterjones left the game
[00:00:22] [Server thread/INFO]: kachigguh lost connection: Disconnected
[00:00:22] [Server thread/INFO]: kachigguh left the game
[00:00:24] [User Authenticator #29/INFO]: UUID of player TotalBcan is 6e6fcde7-073a-4578-838a-7ff2373f9623
[00:00:24] [Server thread/INFO]: TotalBcan[/23.125.121.141:54924] logged in with entity id 75066 at (49.899892098566234, 70.0, -573.6278181744913)
[00:00:24] [Server thread/INFO]: TotalBcan joined the game
[00:00:30] [Server thread/INFO]: MrAzn lost connection: Disconnected
[00:00:30] [Server thread/INFO]: MrAzn left the game
[00:00:35] [Server thread/INFO]: Stopping the server
[00:00:35] [Server thread/INFO]: Stopping server
[00:00:35] [Server thread/INFO]: Saving players
[00:00:35] [Server thread/INFO]: Saving worlds
[00:00:35] [Server thread/INFO]: Saving chunks for level 'ServerLevel[world]'/minecraft:overworld
[00:00:36] [Server thread/INFO]: ThreadedAnvilChunkStorage (world): All chunks are saved
[00:00:36] [Server thread/INFO]: Saving chunks for level 'ServerLevel[world]'/minecraft:the_nether
[00:00:36] [Server thread/INFO]: ThreadedAnvilChunkStorage (DIM-1): All chunks are saved
[00:00:36] [Server thread/INFO]: Saving chunks for level 'ServerLevel[world]'/minecraft:the_end
[00:00:36] [Server thread/INFO]: ThreadedAnvilChunkStorage (DIM1): All chunks are saved
[00:00:36] [Server thread/INFO]: ThreadedAnvilChunkStorage (world): All chunks are saved
[00:00:37] [Server thread/INFO]: ThreadedAnvilChunkStorage (DIM-1): All chunks are saved
[00:00:37] [Server thread/INFO]: ThreadedAnvilChunkStorage (DIM1): All chunks are saved
